2021-09-26 17:27:12,873 [Worker-3: Loading available Gradle versions] INFO  o.e.b.c.i.u.g.PublishedGradleVersions - Gradle version information cache is up-to-date. Trying to read.
2021-09-26 17:47:31,185 [Worker-6: Building] INFO  o.e.m.c.i.l.LifecycleMappingFactory - Using org.eclipse.m2e.jdt.JarLifecycleMapping lifecycle mapping for MavenProject: ProjectTestNG:ProjectTestNGMoverMatch:0.0.1-SNAPSHOT @ /Users/yesha.shah/Documents/selenium/eclipes programs/ProjectTestNGMoverMatch/pom.xml.
2021-09-26 17:47:31,762 [Worker-6: Building] INFO  o.e.m.c.i.embedder.EclipseLogger - Using 'UTF-8' encoding to copy filtered resources.
2021-09-26 17:47:31,762 [Worker-6: Building] INFO  o.e.m.c.i.embedder.EclipseLogger - skip non existing resourceDirectory /Users/yesha.shah/Documents/selenium/eclipes programs/ProjectTestNGMoverMatch/src/main/resources
2021-09-26 17:47:31,764 [Worker-6: Building] INFO  o.e.m.c.i.embedder.EclipseLogger - Using 'UTF-8' encoding to copy filtered resources.
2021-09-26 17:47:31,764 [Worker-6: Building] INFO  o.e.m.c.i.embedder.EclipseLogger - skip non existing resourceDirectory /Users/yesha.shah/Documents/selenium/eclipes programs/ProjectTestNGMoverMatch/src/test/resources
2021-09-26 17:47:32,778 [Worker-1: Updating Maven Dependencies] INFO  o.e.m.c.i.l.LifecycleMappingFactory - Using org.eclipse.m2e.jdt.JarLifecycleMapping lifecycle mapping for MavenProject: ProjectTestNG:ProjectTestNGMoverMatch:0.0.1-SNAPSHOT @ /Users/yesha.shah/Documents/selenium/eclipes programs/ProjectTestNGMoverMatch/pom.xml.
2021-09-26 17:47:33,498 [Worker-9: Building] INFO  o.e.m.c.i.embedder.EclipseLogger - Using 'UTF-8' encoding to copy filtered resources.
2021-09-26 17:47:33,498 [Worker-9: Building] INFO  o.e.m.c.i.embedder.EclipseLogger - skip non existing resourceDirectory /Users/yesha.shah/Documents/selenium/eclipes programs/ProjectTestNGMoverMatch/src/main/resources
2021-09-26 17:47:33,500 [Worker-9: Building] INFO  o.e.m.c.i.embedder.EclipseLogger - Using 'UTF-8' encoding to copy filtered resources.
2021-09-26 17:47:33,500 [Worker-9: Building] INFO  o.e.m.c.i.embedder.EclipseLogger - skip non existing resourceDirectory /Users/yesha.shah/Documents/selenium/eclipes programs/ProjectTestNGMoverMatch/src/test/resources
2021-09-26 17:47:46,099 [Worker-6: Loading available Gradle versions] INFO  o.e.b.c.i.u.g.PublishedGradleVersions - Gradle version information cache is up-to-date. Trying to read.
2021-09-26 17:49:43,701 [Worker-0: Building] INFO  o.e.m.c.i.embedder.EclipseLogger - Using 'UTF-8' encoding to copy filtered resources.
2021-09-26 17:49:43,701 [Worker-0: Building] INFO  o.e.m.c.i.embedder.EclipseLogger - skip non existing resourceDirectory /Users/yesha.shah/Documents/selenium/eclipes programs/ProjectTestNGMoverMatch/src/main/resources
2021-09-26 17:49:43,702 [Worker-0: Building] INFO  o.e.m.c.i.embedder.EclipseLogger - Using 'UTF-8' encoding to copy filtered resources.
2021-09-26 17:49:43,702 [Worker-0: Building] INFO  o.e.m.c.i.embedder.EclipseLogger - skip non existing resourceDirectory /Users/yesha.shah/Documents/selenium/eclipes programs/ProjectTestNGMoverMatch/src/test/resources
2021-09-26 17:50:36,092 [Worker-5: Building] INFO  o.e.m.c.i.embedder.EclipseLogger - Using 'UTF-8' encoding to copy filtered resources.
2021-09-26 17:50:36,092 [Worker-5: Building] INFO  o.e.m.c.i.embedder.EclipseLogger - skip non existing resourceDirectory /Users/yesha.shah/Documents/selenium/eclipes programs/ProjectTestNGMoverMatch/src/main/resources
2021-09-26 17:50:36,093 [Worker-5: Building] INFO  o.e.m.c.i.embedder.EclipseLogger - Using 'UTF-8' encoding to copy filtered resources.
2021-09-26 17:50:36,093 [Worker-5: Building] INFO  o.e.m.c.i.embedder.EclipseLogger - skip non existing resourceDirectory /Users/yesha.shah/Documents/selenium/eclipes programs/ProjectTestNGMoverMatch/src/test/resources
2021-09-26 17:53:16,451 [Worker-11: Building] INFO  o.e.m.c.i.embedder.EclipseLogger - Using 'UTF-8' encoding to copy filtered resources.
2021-09-26 17:53:16,451 [Worker-11: Building] INFO  o.e.m.c.i.embedder.EclipseLogger - skip non existing resourceDirectory /Users/yesha.shah/Documents/selenium/eclipes programs/ProjectTestNGMoverMatch/src/main/resources
2021-09-26 17:53:16,452 [Worker-11: Building] INFO  o.e.m.c.i.embedder.EclipseLogger - Using 'UTF-8' encoding to copy filtered resources.
2021-09-26 17:53:16,452 [Worker-11: Building] INFO  o.e.m.c.i.embedder.EclipseLogger - skip non existing resourceDirectory /Users/yesha.shah/Documents/selenium/eclipes programs/ProjectTestNGMoverMatch/src/test/resources
2021-09-26 17:53:42,979 [Worker-0: Building] INFO  o.e.m.c.i.embedder.EclipseLogger - Using 'UTF-8' encoding to copy filtered resources.
2021-09-26 17:53:42,979 [Worker-0: Building] INFO  o.e.m.c.i.embedder.EclipseLogger - skip non existing resourceDirectory /Users/yesha.shah/Documents/selenium/eclipes programs/ProjectTestNGMoverMatch/src/main/resources
2021-09-26 17:53:42,980 [Worker-0: Building] INFO  o.e.m.c.i.embedder.EclipseLogger - Using 'UTF-8' encoding to copy filtered resources.
2021-09-26 17:53:42,980 [Worker-0: Building] INFO  o.e.m.c.i.embedder.EclipseLogger - skip non existing resourceDirectory /Users/yesha.shah/Documents/selenium/eclipes programs/ProjectTestNGMoverMatch/src/test/resources
